<?xml version="1.0" encoding="UTF-8" ?>
<testsuite tests="4" failures="0" name="integrationtests.WebCalculatorTest" time="1.602" errors="0" skipped="0">
  <properties>
    <property name="java.vendor" value="Oracle Corporation"/>
    <property name="sun.java.launcher" value="SUN_STANDARD"/>
    <property name="catalina.base" value="C:\Users\Hassuni\Documents\NetBeansProjects\WebApplication\target\tomcat"/>
    <property name="sun.management.compiler" value="HotSpot 64-Bit Tiered Compilers"/>
    <property name="catalina.useNaming" value="true"/>
    <property name="os.name" value="Windows 10"/>
    <property name="sun.boot.class.path" value="C:\Program Files\Java\jdk1.8.0_111\jre\lib\resources.jar;C:\Program Files\Java\jdk1.8.0_111\jre\lib\rt.jar;C:\Program Files\Java\jdk1.8.0_111\jre\lib\sunrsasign.jar;C:\Program Files\Java\jdk1.8.0_111\jre\lib\jsse.jar;C:\Program Files\Java\jdk1.8.0_111\jre\lib\jce.jar;C:\Program Files\Java\jdk1.8.0_111\jre\lib\charsets.jar;C:\Program Files\Java\jdk1.8.0_111\jre\lib\jfr.jar;C:\Program Files\Java\jdk1.8.0_111\jre\classes"/>
    <property name="java.util.logging.config.file" value="C:\Users\Hassuni\Documents\NetBeansProjects\WebApplication\target\tomcat\conf\logging.properties"/>
    <property name="sun.desktop" value="windows"/>
    <property name="java.vm.specification.vendor" value="Oracle Corporation"/>
    <property name="java.runtime.version" value="1.8.0_111-b14"/>
    <property name="user.name" value="Hassuni"/>
    <property name="shared.loader" value=""/>
    <property name="guice.disable.misplaced.annotation.check" value="true"/>
    <property name="tomcat.util.buf.StringCache.byte.enabled" value="true"/>
    <property name="user.language" value="da"/>
    <property name="java.naming.factory.initial" value="org.apache.naming.java.javaURLContextFactory"/>
    <property name="sun.boot.library.path" value="C:\Program Files\Java\jdk1.8.0_111\jre\bin"/>
    <property name="classworlds.conf" value="C:/Program Files/Apache Software Foundation/maven/apache-maven-3.6.0/bin/m2.conf"/>
    <property name="java.version" value="1.8.0_111"/>
    <property name="java.util.logging.manager" value="org.apache.juli.ClassLoaderLogManager"/>
    <property name="user.timezone" value="Europe/Berlin"/>
    <property name="sun.arch.data.model" value="64"/>
    <property name="java.endorsed.dirs" value="C:\Program Files\Java\jdk1.8.0_111\jre\lib\endorsed"/>
    <property name="sun.cpu.isalist" value="amd64"/>
    <property name="sun.jnu.encoding" value="Cp1252"/>
    <property name="file.encoding.pkg" value="sun.io"/>
    <property name="package.access" value="sun.,org.apache.catalina.,org.apache.coyote.,org.apache.tomcat.,org.apache.jasper."/>
    <property name="file.separator" value="\"/>
    <property name="java.specification.name" value="Java Platform API Specification"/>
    <property name="maven.conf" value="C:/Program Files/Apache Software Foundation/maven/apache-maven-3.6.0/conf"/>
    <property name="java.class.version" value="52.0"/>
    <property name="user.country" value="DK"/>
    <property name="java.home" value="C:\Program Files\Java\jdk1.8.0_111\jre"/>
    <property name="java.vm.info" value="mixed mode"/>
    <property name="os.version" value="10.0"/>
    <property name="path.separator" value=";"/>
    <property name="java.vm.version" value="25.111-b14"/>
    <property name="user.variant" value=""/>
    <property name="java.awt.printerjob" value="sun.awt.windows.WPrinterJob"/>
    <property name="sun.io.unicode.encoding" value="UnicodeLittle"/>
    <property name="tomcat.util.scan.DefaultJarScanner.jarsToSkip" value="bootstrap.jar,commons-daemon.jar,tomcat-juli.jar,annotations-api.jar,el-api.jar,jsp-api.jar,servlet-api.jar,websocket-api.jar,catalina.jar,catalina-ant.jar,catalina-ha.jar,catalina-tribes.jar,jasper.jar,jasper-el.jar,ecj-*.jar,tomcat-api.jar,tomcat-util.jar,tomcat-coyote.jar,tomcat-dbcp.jar,tomcat-jni.jar,tomcat-spdy.jar,tomcat-i18n-en.jar,tomcat-i18n-es.jar,tomcat-i18n-fr.jar,tomcat-i18n-ja.jar,tomcat-juli-adapters.jar,catalina-jmx-remote.jar,catalina-ws.jar,tomcat-jdbc.jar,tools.jar,commons-beanutils*.jar,commons-codec*.jar,commons-collections*.jar,commons-dbcp*.jar,commons-digester*.jar,commons-fileupload*.jar,commons-httpclient*.jar,commons-io*.jar,commons-lang*.jar,commons-logging*.jar,commons-math*.jar,commons-pool*.jar,jstl.jar,geronimo-spec-jaxrpc*.jar,wsdl4j*.jar,ant.jar,ant-junit*.jar,aspectj*.jar,jmx.jar,h2*.jar,hibernate*.jar,httpclient*.jar,jmx-tools.jar,jta*.jar,log4j.jar,log4j-1*.jar,mail*.jar,slf4j*.jar,xercesImpl.jar,xmlParserAPIs.jar,xml-apis.jar,junit.jar,junit-*.jar,hamcrest*.jar,org.hamcrest*.jar,ant-launcher.jar"/>
    <property name="awt.toolkit" value="sun.awt.windows.WToolkit"/>
    <property name="package.definition" value="sun.,java.,org.apache.catalina.,org.apache.coyote.,org.apache.tomcat.,org.apache.jasper."/>
    <property name="user.script" value=""/>
    <property name="java.naming.factory.url.pkgs" value="org.apache.naming"/>
    <property name="user.home" value="C:\Users\Hassuni"/>
    <property name="org.apache.catalina.startup.ContextConfig.jarsToSkip" value=""/>
    <property name="java.specification.vendor" value="Oracle Corporation"/>
    <property name="library.jansi.path" value="C:/Program Files/Apache Software Foundation/maven/apache-maven-3.6.0/lib/jansi-native"/>
    <property name="java.library.path" value="C:\Program Files\Java\jdk1.8.0_111\bin;C:\WINDOWS\Sun\Java\bin;C:\WINDOWS\system32;C:\WINDOWS;C:\Users\Hassuni\bin;C:\Program Files\Git\mingw64\bin;C:\Program Files\Git\usr\local\bin;C:\Program Files\Git\usr\bin;C:\Program Files\Git\usr\bin;C:\Program Files\Git\mingw64\bin;C:\Program Files\Git\usr\bin;C:\Users\Hassuni\bin;C:\Program Files (x86)\NVIDIA Corporation\PhysX\Common;C:\ProgramData\Oracle\Java\javapath;C:\Program Files (x86)\Lenovo\FusionEngine;C:\Program Files (x86)\Intel\iCLS Client;C:\Program Files\Intel\iCLS Client;C:\WINDOWS\system32;C:\WINDOWS;C:\WINDOWS\System32\Wbem;C:\WINDOWS\System32\WindowsPowerShell\v1.0;C:\Program Files\Intel\Intel(R) Management Engine Components\DAL;C:\Program Files\Intel\Intel(R) Management Engine Components\IPT;C:\Program Files (x86)\Intel\Intel(R) Management Engine Components\DAL;C:\Program Files (x86)\Intel\Intel(R) Management Engine Components\IPT;C:\Program Files (x86)\Lenovo\Motion Control;C:\Program Files (x86)\Common Files\lenovo\easyplussdk\bin;C:\Program Files (x86)\Skype\Phone;C:\WINDOWS\system32\config\systemprofile\.dnx\bin;C:\Program Files\Microsoft DNX\Dnvm;C:\Program Files\PostgreSQL\pg96\bin;C:\Program Files\MySQL\MySQL Utilities 1.6;C:\WINDOWS\System32\OpenSSH;C:\Program Files (x86)\Airtame;C:\Program Files\Apache Software Foundation\maven\apache-maven-3.6.0\bin;C:\Program Files\nodejs;C:\Users\Hassuni\Miniconda3;C:\Users\Hassuni\Miniconda3\Scripts;C:\Users\Hassuni\Miniconda3\Library\bin;C:\Program Files (x86)\Microsoft VS Code\bin;C:\Users\Hassuni\AppData\Local\Microsoft\WindowsApps;C:\Program Files\Java\jdk1.8.0_111\bin;C:\Users\Hassuni\AppData\Local\Programs\Microsoft VS Code\bin;C:\Users\Hassuni\AppData\Roaming\npm;C:\Program Files\Git\usr\bin\vendor_perl;C:\Program Files\Git\usr\bin\core_perl;."/>
    <property name="java.vendor.url" value="http://java.oracle.com/"/>
    <property name="org.apache.catalina.startup.TldConfig.jarsToSkip" value="tomcat7-websocket.jar"/>
    <property name="java.vm.vendor" value="Oracle Corporation"/>
    <property name="common.loader" value="${catalina.base}/lib,${catalina.base}/lib/*.jar,${catalina.home}/lib,${catalina.home}/lib/*.jar"/>
    <property name="maven.home" value="C:\Program Files\Apache Software Foundation\maven\apache-maven-3.6.0"/>
    <property name="java.runtime.name" value="Java(TM) SE Runtime Environment"/>
    <property name="sun.java.command" value="org.codehaus.plexus.classworlds.launcher.Launcher verify"/>
    <property name="java.class.path" value="C:/Program Files/Apache Software Foundation/maven/apache-maven-3.6.0/boot/plexus-classworlds-2.5.2.jar"/>
    <property name="java.vm.specification.name" value="Java Virtual Machine Specification"/>
    <property name="java.vm.specification.version" value="1.8"/>
    <property name="catalina.home" value="C:\Users\Hassuni\Documents\NetBeansProjects\WebApplication\target\tomcat"/>
    <property name="sun.cpu.endian" value="little"/>
    <property name="sun.os.patch.level" value=""/>
    <property name="java.io.tmpdir" value="C:\Users\Hassuni\AppData\Local\Temp\"/>
    <property name="java.vendor.url.bug" value="http://bugreport.sun.com/bugreport/"/>
    <property name="maven.multiModuleProjectDirectory" value="C:/Users/Hassuni/Documents/NetBeansProjects/WebApplication"/>
    <property name="server.loader" value=""/>
    <property name="os.arch" value="amd64"/>
    <property name="java.awt.graphicsenv" value="sun.awt.Win32GraphicsEnvironment"/>
    <property name="java.ext.dirs" value="C:\Program Files\Java\jdk1.8.0_111\jre\lib\ext;C:\WINDOWS\Sun\Java\lib\ext"/>
    <property name="user.dir" value="C:\Users\Hassuni\Documents\NetBeansProjects\WebApplication"/>
    <property name="line.separator" value="
"/>
    <property name="java.vm.name" value="Java HotSpot(TM) 64-Bit Server VM"/>
    <property name="file.encoding" value="Cp1252"/>
    <property name="tomcat.maven.http.port" value="7777"/>
    <property name="java.specification.version" value="1.8"/>
  </properties>
  <testcase classname="integrationtests.WebCalculatorTest" name="testWebAdd" time="1.589"/>
  <testcase classname="integrationtests.WebCalculatorTest" name="testWebDiv" time="0"/>
  <testcase classname="integrationtests.WebCalculatorTest" name="testWebMul" time="0.006"/>
  <testcase classname="integrationtests.WebCalculatorTest" name="testWebSub" time="0.007"/>
</testsuite>